
[2020-10-23 14:27:00]
Traceback (most recent call last):
  File "/Users/wangken/py/pcba_allocation/wsgi.py", line 109, in allocation_run
    output_filename=pcba_allocation_main_program(df_3a4, df_oh, df_transit, df_scr, pcba_site, bu_list, ranking_col)
  File "/Users/wangken/py/pcba_allocation/functions.py", line 860, in pcba_allocation_main_program
    ss_priority=read_backlog_priority_from_smartsheet(smartsheet_client, sheet_id)
  File "/Users/wangken/py/pcba_allocation/functions.py", line 22, in read_backlog_priority_from_smartsheet
    df_smart.Ranking=df_smart.Ranking.astype(int)
  File "/Users/wangken/.local/share/virtualenvs/pcba_allocation-lWAyiP-1/lib/python3.7/site-packages/pandas/core/generic.py", line 5546, in astype
    new_data = self._mgr.astype(dtype=dtype, copy=copy, errors=errors,)
  File "/Users/wangken/.local/share/virtualenvs/pcba_allocation-lWAyiP-1/lib/python3.7/site-packages/pandas/core/internals/managers.py", line 595, in astype
    return self.apply("astype", dtype=dtype, copy=copy, errors=errors)
  File "/Users/wangken/.local/share/virtualenvs/pcba_allocation-lWAyiP-1/lib/python3.7/site-packages/pandas/core/internals/managers.py", line 406, in apply
    applied = getattr(b, f)(**kwargs)
  File "/Users/wangken/.local/share/virtualenvs/pcba_allocation-lWAyiP-1/lib/python3.7/site-packages/pandas/core/internals/blocks.py", line 595, in astype
    values = astype_nansafe(vals1d, dtype, copy=True)
  File "/Users/wangken/.local/share/virtualenvs/pcba_allocation-lWAyiP-1/lib/python3.7/site-packages/pandas/core/dtypes/cast.py", line 972, in astype_nansafe
    return lib.astype_intsafe(arr.ravel(), dtype).reshape(arr.shape)
  File "pandas/_libs/lib.pyx", line 614, in pandas._libs.lib.astype_intsafe
ValueError: invalid literal for int() with base 10: '1.6'

[2020-10-23 14:31:43]
Traceback (most recent call last):
  File "/Users/wangken/py/pcba_allocation/wsgi.py", line 109, in allocation_run
    output_filename=pcba_allocation_main_program(df_3a4, df_oh, df_transit, df_scr, pcba_site, bu_list, ranking_col)
  File "/Users/wangken/py/pcba_allocation/functions.py", line 860, in pcba_allocation_main_program
    ss_priority=read_backlog_priority_from_smartsheet(smartsheet_client, sheet_id)
  File "/Users/wangken/py/pcba_allocation/functions.py", line 22, in read_backlog_priority_from_smartsheet
    df_smart.Ranking=df_smart.Ranking.astype(float)
  File "/Users/wangken/.local/share/virtualenvs/pcba_allocation-lWAyiP-1/lib/python3.7/site-packages/pandas/core/generic.py", line 5546, in astype
    new_data = self._mgr.astype(dtype=dtype, copy=copy, errors=errors,)
  File "/Users/wangken/.local/share/virtualenvs/pcba_allocation-lWAyiP-1/lib/python3.7/site-packages/pandas/core/internals/managers.py", line 595, in astype
    return self.apply("astype", dtype=dtype, copy=copy, errors=errors)
  File "/Users/wangken/.local/share/virtualenvs/pcba_allocation-lWAyiP-1/lib/python3.7/site-packages/pandas/core/internals/managers.py", line 406, in apply
    applied = getattr(b, f)(**kwargs)
  File "/Users/wangken/.local/share/virtualenvs/pcba_allocation-lWAyiP-1/lib/python3.7/site-packages/pandas/core/internals/blocks.py", line 595, in astype
    values = astype_nansafe(vals1d, dtype, copy=True)
  File "/Users/wangken/.local/share/virtualenvs/pcba_allocation-lWAyiP-1/lib/python3.7/site-packages/pandas/core/dtypes/cast.py", line 995, in astype_nansafe
    return arr.astype(dtype, copy=True)
ValueError: could not convert string to float: 'a'

[2020-10-23 14:41:44]
Traceback (most recent call last):
  File "/Users/wangken/py/pcba_allocation/wsgi.py", line 109, in allocation_run
    output_filename=pcba_allocation_main_program(df_3a4, df_oh, df_transit, df_scr, pcba_site, bu_list, ranking_col)
  File "/Users/wangken/py/pcba_allocation/functions.py", line 926, in pcba_allocation_main_program
    output_filename = write_excel_output_file(bu_list, df_scr, df_3a4, df_transit)
  File "/Users/wangken/py/pcba_allocation/functions.py", line 680, in write_excel_output_file
    df_3a4 = df_3a4[df_3a4.BOM_PN.notnull()][output_col_3a4].copy()
  File "/Users/wangken/.local/share/virtualenvs/pcba_allocation-lWAyiP-1/lib/python3.7/site-packages/pandas/core/frame.py", line 2908, in __getitem__
    indexer = self.loc._get_listlike_indexer(key, axis=1, raise_missing=True)[1]
  File "/Users/wangken/.local/share/virtualenvs/pcba_allocation-lWAyiP-1/lib/python3.7/site-packages/pandas/core/indexing.py", line 1254, in _get_listlike_indexer
    self._validate_read_indexer(keyarr, indexer, axis, raise_missing=raise_missing)
  File "/Users/wangken/.local/share/virtualenvs/pcba_allocation-lWAyiP-1/lib/python3.7/site-packages/pandas/core/indexing.py", line 1304, in _validate_read_indexer
    raise KeyError(f"{not_found} not in index")
KeyError: "['priority_ranking_temp'] not in index"

[2020-10-23 14:51:21]
Traceback (most recent call last):
  File "/Users/wangken/py/pcba_allocation/wsgi.py", line 109, in allocation_run
    output_filename=pcba_allocation_main_program(df_3a4, df_oh, df_transit, df_scr, pcba_site, bu_list, ranking_col)
  File "/Users/wangken/py/pcba_allocation/functions.py", line 869, in pcba_allocation_main_program
    df_3a4 = ss_ranking_overall_new(df_3a4, ss_priority, ranking_col, order_col='SO_SS', new_col='ss_overall_rank')
  File "/Users/wangken/py/pcba_allocation/functions.py", line 636, in ss_ranking_overall_new
    ss_priority[df_3a4.SO_SS],
  File "/Users/wangken/.local/share/virtualenvs/pcba_allocation-lWAyiP-1/lib/python3.7/site-packages/pandas/core/generic.py", line 1669, in __hash__
    f"{repr(type(self).__name__)} objects are mutable, "
TypeError: 'Series' objects are mutable, thus they cannot be hashed

[2020-10-23 14:55:56]
Traceback (most recent call last):
  File "/Users/wangken/py/pcba_allocation/wsgi.py", line 109, in allocation_run
    output_filename=pcba_allocation_main_program(df_3a4, df_oh, df_transit, df_scr, pcba_site, bu_list, ranking_col)
  File "/Users/wangken/py/pcba_allocation/functions.py", line 930, in pcba_allocation_main_program
    output_filename = write_excel_output_file(bu_list, df_scr, df_3a4, df_transit)
  File "/Users/wangken/py/pcba_allocation/functions.py", line 684, in write_excel_output_file
    df_3a4 = df_3a4[df_3a4.BOM_PN.notnull()][output_col_3a4].copy()
  File "/Users/wangken/.local/share/virtualenvs/pcba_allocation-lWAyiP-1/lib/python3.7/site-packages/pandas/core/frame.py", line 2908, in __getitem__
    indexer = self.loc._get_listlike_indexer(key, axis=1, raise_missing=True)[1]
  File "/Users/wangken/.local/share/virtualenvs/pcba_allocation-lWAyiP-1/lib/python3.7/site-packages/pandas/core/indexing.py", line 1254, in _get_listlike_indexer
    self._validate_read_indexer(keyarr, indexer, axis, raise_missing=raise_missing)
  File "/Users/wangken/.local/share/virtualenvs/pcba_allocation-lWAyiP-1/lib/python3.7/site-packages/pandas/core/indexing.py", line 1304, in _validate_read_indexer
    raise KeyError(f"{not_found} not in index")
KeyError: "['priority_rank_temp'] not in index"

[2020-10-27 10:58:35]
Traceback (most recent call last):
  File "/Users/wangken/py/pcba_allocation/wsgi.py", line 109, in allocation_run
    output_filename=pcba_allocation_main_program(df_3a4, df_oh, df_transit, df_scr, pcba_site, bu_list, ranking_col)
  File "/Users/wangken/py/pcba_allocation/functions.py", line 914, in pcba_allocation_main_program
    ss_priority=read_backlog_priority_from_smartsheet()
  File "/Users/wangken/py/pcba_allocation/functions.py", line 20, in read_backlog_priority_from_smartsheet
    smartsheet_client = SmartSheetClient(token, proxies)
  File "/Users/wangken/py/pcba_allocation/smartsheet_handler.py", line 12, in __init__
    self.smartsheet_client = smartsheet.Smartsheet(access_token=access_token, proxies=proxies)
  File "/Users/wangken/.local/share/virtualenvs/pcba_allocation-lWAyiP-1/lib/python3.7/site-packages/smartsheet/smartsheet.py", line 145, in __init__
    raise ValueError('Access Token must be set in the environment '
ValueError: Access Token must be set in the environment or passed to smartsheet.Smartsheet() as a parameter.

[2020-10-28 11:51:58]
Traceback (most recent call last):
  File "/Users/wangken/py/pcba_allocation/wsgi.py", line 103, in allocation_run
    output_filename=pcba_allocation_main_program(df_3a4, df_oh, df_transit, df_scr, pcba_site, bu_list, ranking_col)
  File "/Users/wangken/py/pcba_allocation/functions.py", line 973, in pcba_allocation_main_program
    df_scr = process_final_allocated_output(df_scr, tan_bu, df_3a4, df_oh, df_transit, pcba_site)
  File "/Users/wangken/py/pcba_allocation/functions.py", line 497, in process_final_allocated_output
    df_scr['oh+transit'] - df_scr.Backlog,
  File "/Users/wangken/.local/share/virtualenvs/pcba_allocation-lWAyiP-1/lib/python3.7/site-packages/pandas/core/generic.py", line 5139, in __getattr__
    return object.__getattribute__(self, name)
AttributeError: 'DataFrame' object has no attribute 'Backlog'

[2020-10-28 11:58:19]
Traceback (most recent call last):
  File "/Users/wangken/py/pcba_allocation/wsgi.py", line 103, in allocation_run
    output_filename=pcba_allocation_main_program(df_3a4, df_oh, df_transit, df_scr, pcba_site, bu_list, ranking_col)
  File "/Users/wangken/py/pcba_allocation/functions.py", line 973, in pcba_allocation_main_program
    df_scr = process_final_allocated_output(df_scr, tan_bu, df_3a4, df_oh, df_transit, pcba_site)
  File "/Users/wangken/py/pcba_allocation/functions.py", line 497, in process_final_allocated_output
    df_scr['oh+transit'] - df_scr.Unpacked_blg,
  File "/Users/wangken/.local/share/virtualenvs/pcba_allocation-lWAyiP-1/lib/python3.7/site-packages/pandas/core/generic.py", line 5139, in __getattr__
    return object.__getattribute__(self, name)
AttributeError: 'DataFrame' object has no attribute 'Unpacked_blg'

[2020-10-29 09:07:47]
Traceback (most recent call last):
  File "/Users/wangken/py/pcba_allocation/wsgi.py", line 103, in allocation_run
    output_filename=pcba_allocation_main_program(df_3a4, df_oh, df_transit, df_scr, pcba_site, bu_list, ranking_col)
  File "/Users/wangken/py/pcba_allocation/functions.py", line 912, in pcba_allocation_main_program
    ss_priority=read_backlog_priority_from_smartsheet()
  File "/Users/wangken/py/pcba_allocation/functions.py", line 20, in read_backlog_priority_from_smartsheet
    smartsheet_client = SmartSheetClient(token, proxies)
  File "/Users/wangken/py/pcba_allocation/smartsheet_handler.py", line 12, in __init__
    self.smartsheet_client = smartsheet.Smartsheet(access_token=access_token, proxies=proxies)
  File "/Users/wangken/.local/share/virtualenvs/pcba_allocation-lWAyiP-1/lib/python3.7/site-packages/smartsheet/smartsheet.py", line 145, in __init__
    raise ValueError('Access Token must be set in the environment '
ValueError: Access Token must be set in the environment or passed to smartsheet.Smartsheet() as a parameter.

[2020-11-02 14:08:47]
Traceback (most recent call last):
  File "/Users/wangken/py/pcba_allocation/wsgi.py", line 101, in allocation_run
    output_filename=pcba_allocation_main_program(df_3a4, df_oh, df_transit, df_scr, pcba_site, bu_list, ranking_col)
  File "/Users/wangken/py/pcba_allocation/functions.py", line 912, in pcba_allocation_main_program
    ss_priority=read_backlog_priority_from_smartsheet()
  File "/Users/wangken/py/pcba_allocation/functions.py", line 20, in read_backlog_priority_from_smartsheet
    smartsheet_client = SmartSheetClient(token, proxies)
  File "/Users/wangken/py/pcba_allocation/smartsheet_handler.py", line 12, in __init__
    self.smartsheet_client = smartsheet.Smartsheet(access_token=access_token, proxies=proxies)
  File "/Users/wangken/.local/share/virtualenvs/pcba_allocation-lWAyiP-1/lib/python3.7/site-packages/smartsheet/smartsheet.py", line 145, in __init__
    raise ValueError('Access Token must be set in the environment '
ValueError: Access Token must be set in the environment or passed to smartsheet.Smartsheet() as a parameter.

User info: Mozilla/5.0 (Macintosh; Intel Mac OS X 10_13_6) AppleWebKit/537.36 (KHTML, like Gecko) Chrome/86.0.4240.111 Safari/537.36
2020-11-02 14:26:36
PCBA_SITE: FOL
BU: ERBU
BU: ERBU
File 3a4: 3a4 (2).csv
File supply: supply (3).xlsx
Finish time: 2020-11-02 14:27:13[2020-11-02 14:32:47]

User info: Mozilla/5.0 (Macintosh; Intel Mac OS X 10_13_6) AppleWebKit/537.36 (KHTML, like Gecko) Chrome/86.0.4240.111 Safari/537.36
Start time: 14:32:47
PCBA_SITE: FOL
BU: ERBU/SRGBU
File 3a4: 3a4 (2).csv
File supply: supply (4).xlsx
Finish time: 14:33:34[2020-11-02 14:35:46]

User info: Mozilla/5.0 (Macintosh; Intel Mac OS X 10_13_6) AppleWebKit/537.36 (KHTML, like Gecko) Chrome/86.0.4240.111 Safari/537.36
Start time: 14:35:46
PCBA_SITE: FOL
BU: ERBU/SRGBU
File 3a4: 3a4 (2).csv
File supply: supply (4).xlsx
Finish time: 14:36:34
[2020-11-02 14:37:57]
User info: Mozilla/5.0 (Macintosh; Intel Mac OS X 10_13_6) AppleWebKit/537.36 (KHTML, like Gecko) Chrome/86.0.4240.111 Safari/537.36
Start time: 14:37:57
PCBA_SITE: FOL
BU: ERBU/SRGBU
File 3a4: 3a4 (2).csv
File supply: supply (4).xlsx
Finish time: 14:38:44

[2020-11-02]
User info: Mozilla/5.0 (Macintosh; Intel Mac OS X 10_13_6) AppleWebKit/537.36 (KHTML, like Gecko) Chrome/86.0.4240.111 Safari/537.36
Start time: 14:40:18
PCBA_SITE: FOL
BU: ERBU/SRGBU
File 3a4: 3a4 (2).csv
File supply: supply (4).xlsx
Finish time: 14:41:07

[2020-11-02] - making allocation
User info: Mozilla/5.0 (Macintosh; Intel Mac OS X 10_13_6) AppleWebKit/537.36 (KHTML, like Gecko) Chrome/86.0.4240.111 Safari/537.36
Start time: 14:46:49
PCBA_SITE: FOL
BU: ERBU
File 3a4: 3a4 (2).csv(size: 89270876)
File supply: supply (3).xlsx(size: 1536987)
Finish time: 14:47:25

[2020-11-02] - making allocation
User info: Mozilla/5.0 (Macintosh; Intel Mac OS X 10_13_6) AppleWebKit/537.36 (KHTML, like Gecko) Chrome/86.0.4240.111 Safari/537.36
Start time: 14:53:42
PCBA_SITE: FOL
BU: ERBU
File 3a4: 3a4 (2).csv(size: 85.1Mb)
File supply: supply (3).xlsx(size: 1.5Mb)
Finish time: 14:54:20

[2020-11-02] - download file
User info: Mozilla/5.0 (Macintosh; Intel Mac OS X 10_13_6) AppleWebKit/537.36 (KHTML, like Gecko) Chrome/86.0.4240.111 Safari/537.36
File name: FOL SCR allocation (all BU) 10-23 22h37m.xlsx

[2020-11-02] - download file
User info: Mozilla/5.0 (Macintosh; Intel Mac OS X 10_13_6) AppleWebKit/537.36 (KHTML, like Gecko) Chrome/86.0.4240.111 Safari/537.36
File name: 3a4.csv-delete

[Making allocation] - 2020-11-09
User info: Mozilla/5.0 (Macintosh; Intel Mac OS X 10_13_6) AppleWebKit/537.36 (KHTML, like Gecko) Chrome/86.0.4240.183 Safari/537.36
Start time: 10:49:46
PCBA_SITE: FOL
BU: 
File 3a4: backlog3a4-detail2.csv(size: 90.6Mb)
File supply: Copy_of_test_SCROHIntransit_1104.xlsx(size: 1.2Mb)
ERROR!!!!10:50:41Traceback (most recent call last):
  File "/Users/wangken/.local/share/virtualenvs/pcba_allocation-lWAyiP-1/lib/python3.7/site-packages/pandas/core/indexes/base.py", line 2895, in get_loc
    return self._engine.get_loc(casted_key)
  File "pandas/_libs/index.pyx", line 70, in pandas._libs.index.IndexEngine.get_loc
  File "pandas/_libs/index.pyx", line 101, in pandas._libs.index.IndexEngine.get_loc
  File "pandas/_libs/hashtable_class_helper.pxi", line 1675, in pandas._libs.hashtable.PyObjectHashTable.get_item
  File "pandas/_libs/hashtable_class_helper.pxi", line 1683, in pandas._libs.hashtable.PyObjectHashTable.get_item
KeyError: 'planningOrg'

The above exception was the direct cause of the following exception:

Traceback (most recent call last):
  File "/Users/wangken/py/pcba_allocation/wsgi.py", line 116, in allocation_run
    output_filename=pcba_allocation_main_program(df_3a4, df_oh, df_transit, df_scr, pcba_site, bu_list, ranking_col)
  File "/Users/wangken/py/pcba_allocation/functions.py", line 1012, in pcba_allocation_main_program
    df_oh=add_up_supply_by_pn(df_oh,org_col='planningOrg',pn_col='TAN')
  File "/Users/wangken/py/pcba_allocation/functions.py", line 125, in add_up_supply_by_pn
    df.loc[:, 'org_pn'] = df[org_col] + '_' + df[pn_col]
  File "/Users/wangken/.local/share/virtualenvs/pcba_allocation-lWAyiP-1/lib/python3.7/site-packages/pandas/core/frame.py", line 2902, in __getitem__
    indexer = self.columns.get_loc(key)
  File "/Users/wangken/.local/share/virtualenvs/pcba_allocation-lWAyiP-1/lib/python3.7/site-packages/pandas/core/indexes/base.py", line 2897, in get_loc
    raise KeyError(key) from err
KeyError: 'planningOrg'


[Making allocation] - 2020-11-09
User info: Mozilla/5.0 (Macintosh; Intel Mac OS X 10_13_6) AppleWebKit/537.36 (KHTML, like Gecko) Chrome/86.0.4240.183 Safari/537.36
Start time: 10:53:45
PCBA_SITE: FOL
BU: 
File 3a4: backlog3a4-detail2.csv(size: 90.6Mb)
File supply: Copy_of_test_SCROHIntransit_1104.xlsx(size: 1.2Mb)
Finish time: 10:55:35

[Making allocation] - 2020-11-09
User info: Mozilla/5.0 (Macintosh; Intel Mac OS X 10_13_6) AppleWebKit/537.36 (KHTML, like Gecko) Chrome/86.0.4240.183 Safari/537.36
Start time: 11:16:36
PCBA_SITE: FOL
BU: 
File 3a4: backlog3a4-detail2.csv(size: 90.6Mb)
File supply: Copy_of_test_SCROHIntransit_1104.xlsx(size: 1.2Mb)
ERROR!!!!11:17:42Traceback (most recent call last):
  File "/Users/wangken/.local/share/virtualenvs/pcba_allocation-lWAyiP-1/lib/python3.7/site-packages/pandas/core/indexes/base.py", line 2895, in get_loc
    return self._engine.get_loc(casted_key)
  File "pandas/_libs/index.pyx", line 70, in pandas._libs.index.IndexEngine.get_loc
  File "pandas/_libs/index.pyx", line 101, in pandas._libs.index.IndexEngine.get_loc
  File "pandas/_libs/hashtable_class_helper.pxi", line 1675, in pandas._libs.hashtable.PyObjectHashTable.get_item
  File "pandas/_libs/hashtable_class_helper.pxi", line 1683, in pandas._libs.hashtable.PyObjectHashTable.get_item
KeyError: 'TAN'

The above exception was the direct cause of the following exception:

Traceback (most recent call last):
  File "/Users/wangken/py/pcba_allocation/wsgi.py", line 116, in allocation_run
    output_filename=pcba_allocation_main_program(df_3a4, df_oh, df_transit, df_scr, pcba_site, bu_list, ranking_col)
  File "/Users/wangken/py/pcba_allocation/functions.py", line 1047, in pcba_allocation_main_program
    df_oh=change_pn_to_group_number(df_oh,tan_group,pn_col='TAN')
  File "/Users/wangken/py/pcba_allocation/functions.py", line 127, in change_pn_to_group_number
    df.loc[:,pn_col]=df[pn_col].map(lambda x: tan_group[x] if x in tan_group.keys() else x)
  File "/Users/wangken/.local/share/virtualenvs/pcba_allocation-lWAyiP-1/lib/python3.7/site-packages/pandas/core/frame.py", line 2902, in __getitem__
    indexer = self.columns.get_loc(key)
  File "/Users/wangken/.local/share/virtualenvs/pcba_allocation-lWAyiP-1/lib/python3.7/site-packages/pandas/core/indexes/base.py", line 2897, in get_loc
    raise KeyError(key) from err
KeyError: 'TAN'


[Making allocation] - 2020-11-09
User info: Mozilla/5.0 (Macintosh; Intel Mac OS X 10_13_6) AppleWebKit/537.36 (KHTML, like Gecko) Chrome/86.0.4240.183 Safari/537.36
Start time: 11:19:49
PCBA_SITE: FOL
BU: 
File 3a4: backlog3a4-detail2.csv(size: 90.6Mb)
File supply: Copy_of_test_SCROHIntransit_1104.xlsx(size: 1.2Mb)
ERROR!!!!11:21:03Traceback (most recent call last):
  File "/Users/wangken/py/pcba_allocation/wsgi.py", line 116, in allocation_run
    output_filename=pcba_allocation_main_program(df_3a4, df_oh, df_transit, df_scr, pcba_site, bu_list, ranking_col)
  File "/Users/wangken/py/pcba_allocation/functions.py", line 1081, in pcba_allocation_main_program
    df_scr = process_final_allocated_output(df_scr, tan_bu, df_3a4, df_oh, df_transit, pcba_site)
  File "/Users/wangken/py/pcba_allocation/functions.py", line 560, in process_final_allocated_output
    df_scr.loc[:, 'BU'] = df_scr.TAN.map(lambda x: tan_bu[x])
  File "/Users/wangken/.local/share/virtualenvs/pcba_allocation-lWAyiP-1/lib/python3.7/site-packages/pandas/core/series.py", line 3970, in map
    new_values = super()._map_values(arg, na_action=na_action)
  File "/Users/wangken/.local/share/virtualenvs/pcba_allocation-lWAyiP-1/lib/python3.7/site-packages/pandas/core/base.py", line 1160, in _map_values
    new_values = map_f(values, mapper)
  File "pandas/_libs/lib.pyx", line 2402, in pandas._libs.lib.map_infer
  File "/Users/wangken/py/pcba_allocation/functions.py", line 560, in <lambda>
    df_scr.loc[:, 'BU'] = df_scr.TAN.map(lambda x: tan_bu[x])
KeyError: 'WNBU_group_1'


[Making allocation] - 2020-11-09
User info: Mozilla/5.0 (Macintosh; Intel Mac OS X 10_13_6) AppleWebKit/537.36 (KHTML, like Gecko) Chrome/86.0.4240.183 Safari/537.36
Start time: 11:29:47
PCBA_SITE: FOL
BU: 
File 3a4: backlog3a4-detail2.csv(size: 90.6Mb)
File supply: Copy_of_test_SCROHIntransit_1104.xlsx(size: 1.2Mb)
ERROR!!!!11:30:07Traceback (most recent call last):
  File "/Users/wangken/py/pcba_allocation/wsgi.py", line 116, in allocation_run
    output_filename=pcba_allocation_main_program(df_3a4, df_oh, df_transit, df_scr, pcba_site, bu_list, ranking_col)
  File "/Users/wangken/py/pcba_allocation/functions.py", line 1011, in pcba_allocation_main_program
    tan_bu,df_scr = extract_bu_from_scr(df_scr)
  File "/Users/wangken/py/pcba_allocation/functions.py", line 561, in extract_bu_from_scr
    tan_bu[tan] = row.BU
AttributeError: 'Pandas' object has no attribute 'BU'


[Making allocation] - 2020-11-09
User info: Mozilla/5.0 (Macintosh; Intel Mac OS X 10_13_6) AppleWebKit/537.36 (KHTML, like Gecko) Chrome/86.0.4240.183 Safari/537.36
Start time: 11:40:39
PCBA_SITE: FOL
BU: 
File 3a4: backlog3a4-detail2.csv(size: 90.6Mb)
File supply: Copy_of_test_SCROHIntransit_1104.xlsx(size: 1.2Mb)
ERROR!!!!11:40:52Traceback (most recent call last):
  File "/Users/wangken/py/pcba_allocation/wsgi.py", line 116, in allocation_run
    output_filename=pcba_allocation_main_program(df_3a4, df_oh, df_transit, df_scr, pcba_site, bu_list, ranking_col)
  File "/Users/wangken/py/pcba_allocation/functions.py", line 978, in pcba_allocation_main_program
    tan_bu = extract_bu_from_scr(df_scr)
TypeError: extract_bu_from_scr() missing 1 required positional argument: 'tan_group'


[Making allocation] - 2020-11-09
User info: Mozilla/5.0 (Macintosh; Intel Mac OS X 10_13_6) AppleWebKit/537.36 (KHTML, like Gecko) Chrome/86.0.4240.183 Safari/537.36
Start time: 11:45:34
PCBA_SITE: FOL
BU: 
File 3a4: backlog3a4-detail2.csv(size: 90.6Mb)
File supply: Copy_of_test_SCROHIntransit_1104.xlsx(size: 1.2Mb)
Finish time: 11:47:11

[Making allocation] - 2020-11-09
User info: Mozilla/5.0 (Macintosh; Intel Mac OS X 10_13_6) AppleWebKit/537.36 (KHTML, like Gecko) Chrome/86.0.4240.183 Safari/537.36
Start time: 13:35:08
PCBA_SITE: FOL
BU: 
File 3a4: backlog3a4-detail2.csv(size: 90.6Mb)
File supply: Copy_of_test_SCROHIntransit_1104.xlsx(size: 1.2Mb)
Finish time: 13:37:13

[Making allocation] - 2020-11-09
User info: Mozilla/5.0 (Macintosh; Intel Mac OS X 10_13_6) AppleWebKit/537.36 (KHTML, like Gecko) Chrome/86.0.4240.183 Safari/537.36
Start time: 20:06:58
PCBA_SITE: FOL
BU: 
File 3a4: backlog3a4-detail3.csv(size: 86.1Mb)
File supply: test_SCROHIntransit_1109.xlsx(size: 1.4Mb)
Finish time: 20:08:59

[Download/delete file] - 2020-11-10 10:27:37
User info: Mozilla/5.0 (Macintosh; Intel Mac OS X 10_13_6) AppleWebKit/537.36 (KHTML, like Gecko) Chrome/86.0.4240.183 Safari/537.36
File name: 

[Download/delete file] - 2020-11-10 10:28:37
User info: Mozilla/5.0 (Macintosh; Intel Mac OS X 10_13_6) AppleWebKit/537.36 (KHTML, like Gecko) Chrome/86.0.4240.183 Safari/537.36
File name: 

[Download/delete file] - 2020-11-10 11:51:21
User info: Mozilla/5.0 (Macintosh; Intel Mac OS X 10_13_6) AppleWebKit/537.36 (KHTML, like Gecko) Chrome/86.0.4240.183 Safari/537.36
Download supply from DB

[Download/delete file] - 2020-11-10 12:05:12
User info: Mozilla/5.0 (Macintosh; Intel Mac OS X 10_13_6) AppleWebKit/537.36 (KHTML, like Gecko) Chrome/86.0.4240.183 Safari/537.36
Download supply from DB

[Download/delete file] - 2020-11-10 13:39:01
User info: Mozilla/5.0 (Macintosh; Intel Mac OS X 10_13_6) AppleWebKit/537.36 (KHTML, like Gecko) Chrome/86.0.4240.183 Safari/537.36
Download supply from DB

[Download/delete file] - 2020-11-10 13:43:18
User info: Mozilla/5.0 (Macintosh; Intel Mac OS X 10_13_6) AppleWebKit/537.36 (KHTML, like Gecko) Chrome/86.0.4240.183 Safari/537.36
Download supply from DB

[Download/delete file] - 2020-11-10 14:05:25
User info: Mozilla/5.0 (Macintosh; Intel Mac OS X 10_13_6) AppleWebKit/537.36 (KHTML, like Gecko) Chrome/86.0.4240.183 Safari/537.36
Download supply from DB